<?xml version="1.0" encoding="UTF-8"?>
<!-- Generated by org.testng.reporters.JUnitReportReporter -->
<testsuite hostname="Vicky" failures="0" tests="1" name="Assaignment.T1" time="3.607" errors="0" timestamp="2024-10-30T16:47:19 IST" skipped="0">
  <testcase classname="Assaignment.T1" name="task" time="3.607"/>
  <system-out/>
</testsuite> <!-- Assaignment.T1 -->
