<?xml version="1.0" encoding="UTF-8"?>
<!-- Generated by org.testng.reporters.JUnitReportReporter -->
<testsuite hostname="Vicky" failures="0" tests="1" name="Assaignment.Task1" time="0.057" errors="0" timestamp="2024-10-30T12:49:45 IST" skipped="0">
  <testcase classname="Assaignment.Task1" name="task" time="0.057"/>
  <system-out/>
</testsuite> <!-- Assaignment.Task1 -->
