<?xml version="1.0" encoding="UTF-8"?>
<!-- Generated by org.testng.reporters.JUnitReportReporter -->
<testsuite hostname="Vicky" failures="0" tests="1" name="Assaignment.New" time="1.874" errors="0" timestamp="2024-11-09T11:33:55 IST" skipped="0">
  <testcase classname="Assaignment.New" name="Browser" time="1.874"/>
  <system-out/>
</testsuite> <!-- Assaignment.New -->
