<?xml version="1.0" encoding="UTF-8"?>
<!-- Generated by org.testng.reporters.JUnitReportReporter -->
<testsuite hostname="Vicky" failures="0" tests="1" name="Assaignment.Task" time="3.871" errors="0" timestamp="2024-10-30T13:42:28 IST" skipped="0">
  <testcase classname="Assaignment.Task" name="task" time="3.871"/>
  <system-out/>
</testsuite> <!-- Assaignment.Task -->
